<?xml version="1.0" encoding="UTF-8"?>
<testsuite xmlns:xsi="http://www.w3.org/2001/XMLSchema-instance" xsi:noNamespaceSchemaLocation="https://maven.apache.org/surefire/maven-surefire-plugin/xsd/surefire-test-report-3.0.xsd" version="3.0" name="com.example.StringCalculatorTest" time="0.035" tests="3" errors="0" skipped="0" failures="0">
  <properties>
[...]
</properties>
  <testcase name="testAddSingleNumber" classname="com.example.StringCalculatorTest" time="0.003"/>
  <testcase name="testAddTwoNumbers" classname="com.example.StringCalculatorTest" time="0.0"/>
  <testcase name="testAddEmptyString" classname="com.example.StringCalculatorTest" time="0.0"/>
</testsuite>